<?xml version="1.0" encoding="UTF-8"?>
<!-- Generated by org.testng.reporters.JUnitXMLReporter -->
<testsuite hostname="NUS279" ignored="0" name="Test" tests="6" failures="1" timestamp="30 Dec 2019 19:32:43 GMT" time="1.571" errors="0">
  <testcase name="test1" time="0.008" classname="listeners.TestNGListenerDemo"/>
  <testcase name="test2" time="1.527" classname="listeners.TestNGListenerDemo">
    <failure type="org.openqa.selenium.SessionNotCreatedException" message="session not created: This version of ChromeDriver only supports Chrome version 77
Build info: version: &amp;apos;3.141.59&amp;apos;, revision: &amp;apos;e82be7d358&amp;apos;, time: &amp;apos;2018-11-14T08:17:03&amp;apos;
System info: host: &amp;apos;NUS279&amp;apos;, ip: &amp;apos;10.31.105.102&amp;apos;, os.name: &amp;apos;Windows 10&amp;apos;, os.arch: &amp;apos;amd64&amp;apos;, os.version: &amp;apos;10.0&amp;apos;, java.version: &amp;apos;1.8.0_221&amp;apos;
Driver info: driver.version: ChromeDriver
remote stacktrace: Backtrace:
	Ordinal0 [0x0033EB13+1501971]
	Ordinal0 [0x002BF6D1+980689]
	Ordinal0 [0x0024765F+489055]
	Ordinal0 [0x001DF2F4+62196]
	Ordinal0 [0x001DBCDA+48346]
	Ordinal0 [0x001F9800+169984]
	Ordinal0 [0x001F942D+169005]
	Ordinal0 [0x001F78EB+162027]
	Ordinal0 [0x001E0AC7+68295]
	Ordinal0 [0x001E1B40+72512]
	Ordinal0 [0x001E1AD9+72409]
	Ordinal0 [0x002D8F37+1085239]
	GetHandleVerifier [0x003DD7ED+503293]
	GetHandleVerifier [0x003DD580+502672]
	GetHandleVerifier [0x003E46AC+531644]
	GetHandleVerifier [0x003DDFFA+505354]
	Ordinal0 [0x002D0606+1050118]
	Ordinal0 [0x002D047F+1049727]
	Ordinal0 [0x002DAF9B+1093531]
	Ordinal0 [0x002DB103+1093891]
	Ordinal0 [0x002DA095+1089685]
	BaseThreadInitThunk [0x75F16359+25]
	RtlGetAppContainerNamedObjectPath [0x77D47A94+228]
	RtlGetAppContainerNamedObjectPath [0x77D47A64+180]
">
      <![CDATA[org.openqa.selenium.SessionNotCreatedException: session not created: This version of ChromeDriver only supports Chrome version 77
Build info: version: '3.141.59', revision: 'e82be7d358', time: '2018-11-14T08:17:03'
System info: host: 'NUS279', ip: '10.31.105.102', os.name: 'Windows 10', os.arch: 'amd64', os.version: '10.0', java.version: '1.8.0_221'
Driver info: driver.version: ChromeDriver
remote stacktrace: Backtrace:
Ordinal0 [0x0033EB13+1501971]
Ordinal0 [0x002BF6D1+980689]
Ordinal0 [0x0024765F+489055]
Ordinal0 [0x001DF2F4+62196]
Ordinal0 [0x001DBCDA+48346]
Ordinal0 [0x001F9800+169984]
Ordinal0 [0x001F942D+169005]
Ordinal0 [0x001F78EB+162027]
Ordinal0 [0x001E0AC7+68295]
Ordinal0 [0x001E1B40+72512]
Ordinal0 [0x001E1AD9+72409]
Ordinal0 [0x002D8F37+1085239]
GetHandleVerifier [0x003DD7ED+503293]
GetHandleVerifier [0x003DD580+502672]
GetHandleVerifier [0x003E46AC+531644]
GetHandleVerifier [0x003DDFFA+505354]
Ordinal0 [0x002D0606+1050118]
Ordinal0 [0x002D047F+1049727]
Ordinal0 [0x002DAF9B+1093531]
Ordinal0 [0x002DB103+1093891]
Ordinal0 [0x002DA095+1089685]
BaseThreadInitThunk [0x75F16359+25]
RtlGetAppContainerNamedObjectPath [0x77D47A94+228]
RtlGetAppContainerNamedObjectPath [0x77D47A64+180]

at org.openqa.selenium.remote.W3CHandshakeResponse.lambda$errorHandler$0(W3CHandshakeResponse.java:62)
at org.openqa.selenium.remote.HandshakeResponse.lambda$getResponseFunction$0(HandshakeResponse.java:30)
at org.openqa.selenium.remote.ProtocolHandshake.lambda$createSession$0(ProtocolHandshake.java:126)
at java.util.stream.ReferencePipeline$3$1.accept(Unknown Source)
at java.util.Spliterators$ArraySpliterator.tryAdvance(Unknown Source)
at java.util.stream.ReferencePipeline.forEachWithCancel(Unknown Source)
at java.util.stream.AbstractPipeline.copyIntoWithCancel(Unknown Source)
at java.util.stream.AbstractPipeline.copyInto(Unknown Source)
at java.util.stream.AbstractPipeline.wrapAndCopyInto(Unknown Source)
at java.util.stream.FindOps$FindOp.evaluateSequential(Unknown Source)
at java.util.stream.AbstractPipeline.evaluate(Unknown Source)
at java.util.stream.ReferencePipeline.findFirst(Unknown Source)
at org.openqa.selenium.remote.ProtocolHandshake.createSession(ProtocolHandshake.java:128)
at org.openqa.selenium.remote.ProtocolHandshake.createSession(ProtocolHandshake.java:74)
at org.openqa.selenium.remote.HttpCommandExecutor.execute(HttpCommandExecutor.java:136)
at org.openqa.selenium.remote.service.DriverCommandExecutor.execute(DriverCommandExecutor.java:83)
at org.openqa.selenium.remote.RemoteWebDriver.execute(RemoteWebDriver.java:552)
at org.openqa.selenium.remote.RemoteWebDriver.startSession(RemoteWebDriver.java:213)
at org.openqa.selenium.remote.RemoteWebDriver.<init>(RemoteWebDriver.java:131)
at org.openqa.selenium.chrome.ChromeDriver.<init>(ChromeDriver.java:181)
at org.openqa.selenium.chrome.ChromeDriver.<init>(ChromeDriver.java:168)
at org.openqa.selenium.chrome.ChromeDriver.<init>(ChromeDriver.java:123)
at listeners.TestNGListenerDemo.test2(TestNGListenerDemo.java:27)
... Removed 29 stack frames]]>
    </failure>
  </testcase> <!-- test2 -->
  <testcase name="test3" time="0.001" classname="listeners.TestNGListenerDemo">
    <skipped/>
  </testcase> <!-- test3 -->
  <testcase name="test4" time="0.001" classname="listeners.TestNGListenerDemo2"/>
  <testcase name="test5" time="0.001" classname="listeners.TestNGListenerDemo2"/>
  <testcase name="test6" time="0.001" classname="listeners.TestNGListenerDemo2">
    <skipped/>
  </testcase> <!-- test6 -->
</testsuite> <!-- Test -->
